<?xml version="1.0" encoding="utf-8"?><testsuites name="pytest tests"><testsuite name="pytest" errors="0" failures="0" skipped="0" tests="18" time="2.382" timestamp="2026-07-16T07:24:48.204217+00:00" hostname="agent-env-0a2c1bef-a2da-4d71-9ec8-2f48b04de203"><testcase classname="backend.tests.test_flyready_new_endpoints.TestExistingEndpoints" name="test_admin_login" time="0.229" /><testcase classname="backend.tests.test_flyready_new_endpoints.TestExistingEndpoints" name="test_pilot_login" time="0.268" /><testcase classname="backend.tests.test_flyready_new_endpoints.TestExistingEndpoints" name="test_access_token_days_is_30" time="0.267" /><testcase classname="backend.tests.test_flyready_new_endpoints.TestExistingEndpoints" name="test_list_checklists" time="0.271" /><testcase classname="backend.tests.test_flyready_new_endpoints.TestExistingEndpoints" name="test_create_and_get_checklist" time="0.132" /><testcase classname="backend.tests.test_flyready_new_endpoints.TestSearch" name="test_search_requires_auth" time="0.044" /><testcase classname="backend.tests.test_flyready_new_endpoints.TestSearch" name="test_search_matches_case_insensitive" time="0.091" /><testcase classname="backend.tests.test_flyready_new_endpoints.TestSearch" name="test_search_route_not_shadowed_by_id_route" time="0.046" /><testcase classname="backend.tests.test_flyready_new_endpoints.TestParsePDF" name="test_parse_pdf_requires_auth" time="0.043" /><testcase classname="backend.tests.test_flyready_new_endpoints.TestParsePDF" name="test_parse_pdf_returns_items" time="0.114" /><testcase classname="backend.tests.test_flyready_new_endpoints.TestParsePDF" name="test_parse_pdf_empty_returns_422" time="0.045" /><testcase classname="backend.tests.test_flyready_new_endpoints.TestDetailedStats" name="test_detailed_stats_requires_auth" time="0.042" /><testcase classname="backend.tests.test_flyready_new_endpoints.TestDetailedStats" name="test_detailed_stats_shape" time="0.048" /><testcase classname="backend.tests.test_flyready_new_endpoints.TestMaintenance" name="test_maintenance_flow" time="0.417" /><testcase classname="backend.tests.test_flyready_new_endpoints.TestMaintenance" name="test_maintenance_log_requires_checklist_id" time="0.045" /><testcase classname="backend.tests.test_flyready_new_endpoints.TestMaintenance" name="test_maintenance_log_bad_checklist_404" time="0.043" /><testcase classname="backend.tests.test_flyready_new_endpoints.TestPublicChecklist" name="test_public_checklist_no_auth" time="0.049" /><testcase classname="backend.tests.test_flyready_new_endpoints.TestPublicChecklist" name="test_public_checklist_404" time="0.002" /></testsuite></testsuites>