<?xml version="1.0" encoding="utf-8"?><testsuites name="pytest tests"><testsuite name="pytest" errors="0" failures="0" skipped="0" tests="14" time="4.583" timestamp="2026-05-07T16:30:19.032374+00:00" hostname="agent-env-07ff9219-7518-4a5b-ae07-1fb62671e8e7"><testcase classname="backend.tests.test_flyready_api.TestAuth" name="test_root" time="0.234" /><testcase classname="backend.tests.test_flyready_api.TestAuth" name="test_admin_login" time="0.298" /><testcase classname="backend.tests.test_flyready_api.TestAuth" name="test_pilot_login" time="0.297" /><testcase classname="backend.tests.test_flyready_api.TestAuth" name="test_login_invalid" time="0.289" /><testcase classname="backend.tests.test_flyready_api.TestAuth" name="test_me_requires_bearer" time="0.074" /><testcase classname="backend.tests.test_flyready_api.TestAuth" name="test_me_with_token" time="0.358" /><testcase classname="backend.tests.test_flyready_api.TestAuth" name="test_register_new_user_seeds_templates" time="0.374" /><testcase classname="backend.tests.test_flyready_api.TestAuth" name="test_register_duplicate" time="0.068" /><testcase classname="backend.tests.test_flyready_api.TestChecklists" name="test_list_built_ins_for_pilot" time="0.387" /><testcase classname="backend.tests.test_flyready_api.TestChecklists" name="test_create_custom_checklist_and_get" time="0.509" /><testcase classname="backend.tests.test_flyready_api.TestFlightLogs" name="test_create_flight_log_and_serial" time="0.755" /><testcase classname="backend.tests.test_flyready_api.TestWeather" name="test_weather_returns_503_without_key" time="0.357" /><testcase classname="backend.tests.test_flyready_api.TestWeather" name="test_weather_requires_auth" time="0.059" /><testcase classname="backend.tests.test_flyready_api.TestStats" name="test_stats_overview" time="0.352" /></testsuite></testsuites>